this buffer has 8893 loaded transitions and there are now 8893 transitions total divided into 10 trajectories
this buffer has 9183 loaded transitions and there are now 18076 transitions total divided into 20 trajectories
this buffer has 7945 loaded transitions and there are now 26021 transitions total divided into 30 trajectories
this buffer has 7221 loaded transitions and there are now 33242 transitions total divided into 40 trajectories
this buffer has 7445 loaded transitions and there are now 40687 transitions total divided into 50 trajectories
this buffer has 5891 loaded transitions and there are now 46578 transitions total divided into 60 trajectories
this buffer has 5409 loaded transitions and there are now 51987 transitions total divided into 70 trajectories
this buffer has 10539 loaded transitions and there are now 62526 transitions total divided into 80 trajectories
this buffer has 17236 loaded transitions and there are now 71817 transitions total divided into 90 trajectories
this buffer has 3983 loaded transitions and there are now 75800 transitions total divided into 100 trajectories
this buffer has 3338 loaded transitions and there are now 79138 transitions total divided into 110 trajectories
this buffer has 9632 loaded transitions and there are now 88770 transitions total divided into 120 trajectories
this buffer has 7685 loaded transitions and there are now 96455 transitions total divided into 130 trajectories
this buffer has 14987 loaded transitions and there are now 103757 transitions total divided into 140 trajectories
this buffer has 10659 loaded transitions and there are now 114416 transitions total divided into 150 trajectories
this buffer has 6243 loaded transitions and there are now 120659 transitions total divided into 160 trajectories
this buffer has 9577 loaded transitions and there are now 130236 transitions total divided into 170 trajectories
this buffer has 9186 loaded transitions and there are now 139422 transitions total divided into 180 trajectories
this buffer has 10343 loaded transitions and there are now 149765 transitions total divided into 190 trajectories
this buffer has 6097 loaded transitions and there are now 155862 transitions total divided into 200 trajectories
this buffer has 19534 loaded transitions and there are now 164737 transitions total divided into 210 trajectories
this buffer has 10439 loaded transitions and there are now 175176 transitions total divided into 220 trajectories
this buffer has 36752 loaded transitions and there are now 211928 transitions total divided into 230 trajectories
this buffer has 23745 loaded transitions and there are now 220686 transitions total divided into 240 trajectories
this buffer has 9214 loaded transitions and there are now 229900 transitions total divided into 250 trajectories
this buffer has 8955 loaded transitions and there are now 238855 transitions total divided into 260 trajectories
this buffer has 5435 loaded transitions and there are now 244290 transitions total divided into 270 trajectories
this buffer has 47457 loaded transitions and there are now 254995 transitions total divided into 280 trajectories
this buffer has 12566 loaded transitions and there are now 261670 transitions total divided into 290 trajectories
this buffer has 5588 loaded transitions and there are now 267258 transitions total divided into 300 trajectories
this buffer has 4460 loaded transitions and there are now 271718 transitions total divided into 310 trajectories
this buffer has 7307 loaded transitions and there are now 279025 transitions total divided into 320 trajectories
this buffer has 33073 loaded transitions and there are now 312098 transitions total divided into 330 trajectories
this buffer has 7645 loaded transitions and there are now 316405 transitions total divided into 340 trajectories
this buffer has 11879 loaded transitions and there are now 320639 transitions total divided into 350 trajectories
this buffer has 25698 loaded transitions and there are now 329101 transitions total divided into 360 trajectories
this buffer has 7929 loaded transitions and there are now 337030 transitions total divided into 370 trajectories
this buffer has 18014 loaded transitions and there are now 342478 transitions total divided into 380 trajectories
this buffer has 8253 loaded transitions and there are now 350731 transitions total divided into 390 trajectories
this buffer has 9348 loaded transitions and there are now 360079 transitions total divided into 400 trajectories
this buffer has 6417 loaded transitions and there are now 366496 transitions total divided into 410 trajectories
this buffer has 19226 loaded transitions and there are now 375183 transitions total divided into 420 trajectories
this buffer has 24361 loaded transitions and there are now 381530 transitions total divided into 430 trajectories
this buffer has 42937 loaded transitions and there are now 412588 transitions total divided into 440 trajectories
this buffer has 6855 loaded transitions and there are now 419443 transitions total divided into 450 trajectories
this buffer has 18848 loaded transitions and there are now 429077 transitions total divided into 460 trajectories
this buffer has 7858 loaded transitions and there are now 436935 transitions total divided into 470 trajectories
this buffer has 48103 loaded transitions and there are now 442101 transitions total divided into 480 trajectories
this buffer has 34694 loaded transitions and there are now 451097 transitions total divided into 490 trajectories
this buffer has 19611 loaded transitions and there are now 461815 transitions total divided into 500 trajectories
this buffer has 16467 loaded transitions and there are now 470837 transitions total divided into 510 trajectories
this buffer has 6925 loaded transitions and there are now 477762 transitions total divided into 520 trajectories
this buffer has 7534 loaded transitions and there are now 485296 transitions total divided into 530 trajectories
this buffer has 10447 loaded transitions and there are now 495743 transitions total divided into 540 trajectories
this buffer has 16442 loaded transitions and there are now 504651 transitions total divided into 550 trajectories
max rtg is 190
max timestep is 27002
Namespace(batch_size=128, context_length=30, conv_proj=False, conv_window_size=6, data_dir_prefix='dataset/', epochs=10, game='Frostbite', model_type='reward_conditioned_cnn', n_embd=128, num_buffers=50, num_steps=500000, pooling_size=2, seed=231, token_mixer='pool', trajectories_per_buffer=10)
Pooling window size:  2
Pooling window size:  2
Pooling window size:  2
Pooling window size:  2
Pooling window size:  2
Pooling window size:  2
Using ConvInterp
using GPU 0
target return: 950, eval return: 69
target return: 950, eval return: 68
target return: 950, eval return: 75
target return: 950, eval return: 64
target return: 950, eval return: 52
target return: 950, eval return: 55
target return: 950, eval return: 35
target return: 950, eval return: 57
target return: 950, eval return: 56
target return: 950, eval return: 52
