this buffer has 11304 loaded transitions and there are now 11304 transitions total divided into 10 trajectories
this buffer has 13023 loaded transitions and there are now 24327 transitions total divided into 20 trajectories
this buffer has 13787 loaded transitions and there are now 38114 transitions total divided into 30 trajectories
this buffer has 9014 loaded transitions and there are now 47128 transitions total divided into 40 trajectories
this buffer has 13732 loaded transitions and there are now 60860 transitions total divided into 50 trajectories
this buffer has 27244 loaded transitions and there are now 74317 transitions total divided into 60 trajectories
this buffer has 3779 loaded transitions and there are now 78096 transitions total divided into 70 trajectories
this buffer has 17520 loaded transitions and there are now 86602 transitions total divided into 80 trajectories
this buffer has 9546 loaded transitions and there are now 96148 transitions total divided into 90 trajectories
this buffer has 11305 loaded transitions and there are now 107453 transitions total divided into 100 trajectories
this buffer has 22143 loaded transitions and there are now 118291 transitions total divided into 110 trajectories
this buffer has 7919 loaded transitions and there are now 126210 transitions total divided into 120 trajectories
this buffer has 13864 loaded transitions and there are now 140074 transitions total divided into 130 trajectories
this buffer has 14489 loaded transitions and there are now 154563 transitions total divided into 140 trajectories
this buffer has 8997 loaded transitions and there are now 163560 transitions total divided into 150 trajectories
this buffer has 6340 loaded transitions and there are now 169900 transitions total divided into 160 trajectories
this buffer has 9707 loaded transitions and there are now 179607 transitions total divided into 170 trajectories
this buffer has 24477 loaded transitions and there are now 190220 transitions total divided into 180 trajectories
this buffer has 21047 loaded transitions and there are now 201721 transitions total divided into 190 trajectories
this buffer has 13872 loaded transitions and there are now 215593 transitions total divided into 200 trajectories
this buffer has 9861 loaded transitions and there are now 225454 transitions total divided into 210 trajectories
this buffer has 16262 loaded transitions and there are now 241716 transitions total divided into 220 trajectories
this buffer has 14741 loaded transitions and there are now 256457 transitions total divided into 230 trajectories
this buffer has 12219 loaded transitions and there are now 268676 transitions total divided into 240 trajectories
this buffer has 11616 loaded transitions and there are now 280292 transitions total divided into 250 trajectories
this buffer has 11561 loaded transitions and there are now 291853 transitions total divided into 260 trajectories
this buffer has 13003 loaded transitions and there are now 304856 transitions total divided into 270 trajectories
this buffer has 13825 loaded transitions and there are now 318681 transitions total divided into 280 trajectories
this buffer has 12811 loaded transitions and there are now 331492 transitions total divided into 290 trajectories
this buffer has 10083 loaded transitions and there are now 341575 transitions total divided into 300 trajectories
this buffer has 27028 loaded transitions and there are now 354778 transitions total divided into 310 trajectories
this buffer has 26670 loaded transitions and there are now 370144 transitions total divided into 320 trajectories
this buffer has 10581 loaded transitions and there are now 380725 transitions total divided into 330 trajectories
this buffer has 31621 loaded transitions and there are now 396084 transitions total divided into 340 trajectories
this buffer has 27323 loaded transitions and there are now 409535 transitions total divided into 350 trajectories
this buffer has 21097 loaded transitions and there are now 419071 transitions total divided into 360 trajectories
this buffer has 25075 loaded transitions and there are now 431335 transitions total divided into 370 trajectories
this buffer has 24968 loaded transitions and there are now 442571 transitions total divided into 380 trajectories
this buffer has 23128 loaded transitions and there are now 452696 transitions total divided into 390 trajectories
this buffer has 25608 loaded transitions and there are now 463815 transitions total divided into 400 trajectories
this buffer has 23880 loaded transitions and there are now 476079 transitions total divided into 410 trajectories
this buffer has 11662 loaded transitions and there are now 487741 transitions total divided into 420 trajectories
this buffer has 37715 loaded transitions and there are now 499848 transitions total divided into 430 trajectories
this buffer has 37846 loaded transitions and there are now 510450 transitions total divided into 440 trajectories
max rtg is 505
max timestep is 3411
Namespace(batch_size=128, context_length=30, conv_proj=False, conv_window_size=6, data_dir_prefix='dataset/', epochs=10, game='Qbert', model_type='reward_conditioned_cnn', n_embd=128, num_buffers=50, num_steps=500000, pooling_size=2, seed=312, token_mixer='pool', trajectories_per_buffer=10)
Pooling window size:  2
Pooling window size:  2
Pooling window size:  2
Pooling window size:  2
Pooling window size:  2
Pooling window size:  2
Using ConvInterp
using GPU 0
target return: 14000, eval return: 1205
target return: 14000, eval return: 1130
target return: 14000, eval return: 817
